[0.639s] Invoking command in '/home/sukruthi/Desktop/Start-up/Developer/ObjectTrackingUsingEyeGaze/env_ws/src/env_setup': PYTHONPATH=/home/sukruthi/Desktop/Start-up/Developer/ObjectTrackingUsingEyeGaze/env_ws/build/env_setup/prefix_override:/usr/lib/python3/dist-packages/colcon_core/task/python/colcon_distutils_commands:/home/sukruthi/Desktop/Start-up/Developer/ObjectTrackingUsingEyeGaze/env_ws/install/env_setup/lib/python3.10/site-packages:${PYTHONPATH} /usr/bin/python3 -W ignore:setup.py install is deprecated setup.py egg_info --egg-base ../../build/env_setup build --build-base /home/sukruthi/Desktop/Start-up/Developer/ObjectTrackingUsingEyeGaze/env_ws/build/env_setup/build install --record /home/sukruthi/Desktop/Start-up/Developer/ObjectTrackingUsingEyeGaze/env_ws/build/env_setup/install.log --single-version-externally-managed install_data
[0.794s] running egg_info
[0.804s] writing ../../build/env_setup/env_setup.egg-info/PKG-INFO
[0.804s] writing dependency_links to ../../build/env_setup/env_setup.egg-info/dependency_links.txt
[0.805s] writing entry points to ../../build/env_setup/env_setup.egg-info/entry_points.txt
[0.805s] writing requirements to ../../build/env_setup/env_setup.egg-info/requires.txt
[0.805s] writing top-level names to ../../build/env_setup/env_setup.egg-info/top_level.txt
[0.826s] reading manifest file '../../build/env_setup/env_setup.egg-info/SOURCES.txt'
[0.826s] writing manifest file '../../build/env_setup/env_setup.egg-info/SOURCES.txt'
[0.826s] running build
[0.826s] running build_py
[0.827s] running install
[0.830s] running install_lib
[0.841s] running install_data
[0.841s] running install_egg_info
[0.851s] removing '/home/sukruthi/Desktop/Start-up/Developer/ObjectTrackingUsingEyeGaze/env_ws/install/env_setup/lib/python3.10/site-packages/env_setup-0.0.0-py3.10.egg-info' (and everything under it)
[0.852s] Copying ../../build/env_setup/env_setup.egg-info to /home/sukruthi/Desktop/Start-up/Developer/ObjectTrackingUsingEyeGaze/env_ws/install/env_setup/lib/python3.10/site-packages/env_setup-0.0.0-py3.10.egg-info
[0.852s] running install_scripts
[0.954s] Installing intel_pub script to /home/sukruthi/Desktop/Start-up/Developer/ObjectTrackingUsingEyeGaze/env_ws/install/env_setup/lib/env_setup
[0.954s] Installing intel_sub script to /home/sukruthi/Desktop/Start-up/Developer/ObjectTrackingUsingEyeGaze/env_ws/install/env_setup/lib/env_setup
[0.954s] writing list of installed files to '/home/sukruthi/Desktop/Start-up/Developer/ObjectTrackingUsingEyeGaze/env_ws/build/env_setup/install.log'
[0.969s] Invoked command in '/home/sukruthi/Desktop/Start-up/Developer/ObjectTrackingUsingEyeGaze/env_ws/src/env_setup' returned '0': PYTHONPATH=/home/sukruthi/Desktop/Start-up/Developer/ObjectTrackingUsingEyeGaze/env_ws/build/env_setup/prefix_override:/usr/lib/python3/dist-packages/colcon_core/task/python/colcon_distutils_commands:/home/sukruthi/Desktop/Start-up/Developer/ObjectTrackingUsingEyeGaze/env_ws/install/env_setup/lib/python3.10/site-packages:${PYTHONPATH} /usr/bin/python3 -W ignore:setup.py install is deprecated setup.py egg_info --egg-base ../../build/env_setup build --build-base /home/sukruthi/Desktop/Start-up/Developer/ObjectTrackingUsingEyeGaze/env_ws/build/env_setup/build install --record /home/sukruthi/Desktop/Start-up/Developer/ObjectTrackingUsingEyeGaze/env_ws/build/env_setup/install.log --single-version-externally-managed install_data
