[0.530s] Invoking command in '/home/sukruthi/Desktop/Start-up/Developer/ObjectTrackingUsingEyeGaze/env_ws/src/env_setup': PYTHONPATH=/home/sukruthi/Desktop/Start-up/Developer/ObjectTrackingUsingEyeGaze/env_ws/build/env_setup/prefix_override:/home/sukruthi/Desktop/Start-up/Developer/ObjectTrackingUsingEyeGaze/env_ws/install/env_setup/lib/python3.10/site-packages:${PYTHONPATH} /usr/bin/python3 -W ignore:setup.py install is deprecated setup.py egg_info --egg-base ../../build/env_setup build --build-base /home/sukruthi/Desktop/Start-up/Developer/ObjectTrackingUsingEyeGaze/env_ws/build/env_setup/build install --record /home/sukruthi/Desktop/Start-up/Developer/ObjectTrackingUsingEyeGaze/env_ws/build/env_setup/install.log --single-version-externally-managed install_data
[0.688s] running egg_info
[0.698s] writing ../../build/env_setup/env_setup.egg-info/PKG-INFO
[0.698s] writing dependency_links to ../../build/env_setup/env_setup.egg-info/dependency_links.txt
[0.699s] writing entry points to ../../build/env_setup/env_setup.egg-info/entry_points.txt
[0.699s] writing requirements to ../../build/env_setup/env_setup.egg-info/requires.txt
[0.699s] writing top-level names to ../../build/env_setup/env_setup.egg-info/top_level.txt
[0.720s] reading manifest file '../../build/env_setup/env_setup.egg-info/SOURCES.txt'
[0.720s] writing manifest file '../../build/env_setup/env_setup.egg-info/SOURCES.txt'
[0.720s] running build
[0.720s] running build_py
[0.720s] copying env_setup/intel_pub.py -> /home/sukruthi/Desktop/Start-up/Developer/ObjectTrackingUsingEyeGaze/env_ws/build/env_setup/build/lib/env_setup
[0.720s] running install
[0.724s] running install_lib
[0.734s] copying /home/sukruthi/Desktop/Start-up/Developer/ObjectTrackingUsingEyeGaze/env_ws/build/env_setup/build/lib/env_setup/intel_pub.py -> /home/sukruthi/Desktop/Start-up/Developer/ObjectTrackingUsingEyeGaze/env_ws/install/env_setup/lib/python3.10/site-packages/env_setup
[0.735s] byte-compiling /home/sukruthi/Desktop/Start-up/Developer/ObjectTrackingUsingEyeGaze/env_ws/install/env_setup/lib/python3.10/site-packages/env_setup/intel_pub.py to intel_pub.cpython-310.pyc
[0.735s] running install_data
[0.735s] running install_egg_info
[0.746s] removing '/home/sukruthi/Desktop/Start-up/Developer/ObjectTrackingUsingEyeGaze/env_ws/install/env_setup/lib/python3.10/site-packages/env_setup-0.0.0-py3.10.egg-info' (and everything under it)
[0.746s] Copying ../../build/env_setup/env_setup.egg-info to /home/sukruthi/Desktop/Start-up/Developer/ObjectTrackingUsingEyeGaze/env_ws/install/env_setup/lib/python3.10/site-packages/env_setup-0.0.0-py3.10.egg-info
[0.747s] running install_scripts
[0.848s] Installing intel_pub script to /home/sukruthi/Desktop/Start-up/Developer/ObjectTrackingUsingEyeGaze/env_ws/install/env_setup/lib/env_setup
[0.848s] writing list of installed files to '/home/sukruthi/Desktop/Start-up/Developer/ObjectTrackingUsingEyeGaze/env_ws/build/env_setup/install.log'
[0.863s] Invoked command in '/home/sukruthi/Desktop/Start-up/Developer/ObjectTrackingUsingEyeGaze/env_ws/src/env_setup' returned '0': PYTHONPATH=/home/sukruthi/Desktop/Start-up/Developer/ObjectTrackingUsingEyeGaze/env_ws/build/env_setup/prefix_override:/home/sukruthi/Desktop/Start-up/Developer/ObjectTrackingUsingEyeGaze/env_ws/install/env_setup/lib/python3.10/site-packages:${PYTHONPATH} /usr/bin/python3 -W ignore:setup.py install is deprecated setup.py egg_info --egg-base ../../build/env_setup build --build-base /home/sukruthi/Desktop/Start-up/Developer/ObjectTrackingUsingEyeGaze/env_ws/build/env_setup/build install --record /home/sukruthi/Desktop/Start-up/Developer/ObjectTrackingUsingEyeGaze/env_ws/build/env_setup/install.log --single-version-externally-managed install_data
