running egg_info
writing ../../build/env_setup/env_setup.egg-info/PKG-INFO
writing dependency_links to ../../build/env_setup/env_setup.egg-info/dependency_links.txt
writing entry points to ../../build/env_setup/env_setup.egg-info/entry_points.txt
writing requirements to ../../build/env_setup/env_setup.egg-info/requires.txt
writing top-level names to ../../build/env_setup/env_setup.egg-info/top_level.txt
reading manifest file '../../build/env_setup/env_setup.egg-info/SOURCES.txt'
writing manifest file '../../build/env_setup/env_setup.egg-info/SOURCES.txt'
running build
running build_py
copying env_setup/intel_sub.py -> /home/sukruthi/Desktop/Start-up/Developer/ObjectTrackingUsingEyeGaze/env_ws/build/env_setup/build/lib/env_setup
running install
running install_lib
copying /home/sukruthi/Desktop/Start-up/Developer/ObjectTrackingUsingEyeGaze/env_ws/build/env_setup/build/lib/env_setup/intel_sub.py -> /home/sukruthi/Desktop/Start-up/Developer/ObjectTrackingUsingEyeGaze/env_ws/install/env_setup/lib/python3.10/site-packages/env_setup
byte-compiling /home/sukruthi/Desktop/Start-up/Developer/ObjectTrackingUsingEyeGaze/env_ws/install/env_setup/lib/python3.10/site-packages/env_setup/intel_sub.py to intel_sub.cpython-310.pyc
running install_data
running install_egg_info
removing '/home/sukruthi/Desktop/Start-up/Developer/ObjectTrackingUsingEyeGaze/env_ws/install/env_setup/lib/python3.10/site-packages/env_setup-0.0.0-py3.10.egg-info' (and everything under it)
Copying ../../build/env_setup/env_setup.egg-info to /home/sukruthi/Desktop/Start-up/Developer/ObjectTrackingUsingEyeGaze/env_ws/install/env_setup/lib/python3.10/site-packages/env_setup-0.0.0-py3.10.egg-info
running install_scripts
Installing intel_pub script to /home/sukruthi/Desktop/Start-up/Developer/ObjectTrackingUsingEyeGaze/env_ws/install/env_setup/lib/env_setup
Installing intel_sub script to /home/sukruthi/Desktop/Start-up/Developer/ObjectTrackingUsingEyeGaze/env_ws/install/env_setup/lib/env_setup
writing list of installed files to '/home/sukruthi/Desktop/Start-up/Developer/ObjectTrackingUsingEyeGaze/env_ws/build/env_setup/install.log'
