[0.549s] Invoking command in '/home/sukruthi/Desktop/Start-up/Developer/ObjectTrackingUsingEyeGaze/env_ws/src/env_setup': PYTHONPATH=/home/sukruthi/Desktop/Start-up/Developer/ObjectTrackingUsingEyeGaze/env_ws/build/env_setup/prefix_override:/home/sukruthi/Desktop/Start-up/Developer/ObjectTrackingUsingEyeGaze/env_ws/install/env_setup/lib/python3.10/site-packages:${PYTHONPATH} /usr/bin/python3 -W ignore:setup.py install is deprecated setup.py egg_info --egg-base ../../build/env_setup build --build-base /home/sukruthi/Desktop/Start-up/Developer/ObjectTrackingUsingEyeGaze/env_ws/build/env_setup/build install --record /home/sukruthi/Desktop/Start-up/Developer/ObjectTrackingUsingEyeGaze/env_ws/build/env_setup/install.log --single-version-externally-managed install_data
[0.711s] running egg_info
[0.721s] writing ../../build/env_setup/env_setup.egg-info/PKG-INFO
[0.721s] writing dependency_links to ../../build/env_setup/env_setup.egg-info/dependency_links.txt
[0.721s] writing entry points to ../../build/env_setup/env_setup.egg-info/entry_points.txt
[0.721s] writing requirements to ../../build/env_setup/env_setup.egg-info/requires.txt
[0.721s] writing top-level names to ../../build/env_setup/env_setup.egg-info/top_level.txt
[0.742s] reading manifest file '../../build/env_setup/env_setup.egg-info/SOURCES.txt'
[0.743s] writing manifest file '../../build/env_setup/env_setup.egg-info/SOURCES.txt'
[0.743s] running build
[0.743s] running build_py
[0.743s] running install
[0.746s] running install_lib
[0.757s] running install_data
[0.757s] running install_egg_info
[0.768s] removing '/home/sukruthi/Desktop/Start-up/Developer/ObjectTrackingUsingEyeGaze/env_ws/install/env_setup/lib/python3.10/site-packages/env_setup-0.0.0-py3.10.egg-info' (and everything under it)
[0.768s] Copying ../../build/env_setup/env_setup.egg-info to /home/sukruthi/Desktop/Start-up/Developer/ObjectTrackingUsingEyeGaze/env_ws/install/env_setup/lib/python3.10/site-packages/env_setup-0.0.0-py3.10.egg-info
[0.768s] running install_scripts
[0.875s] Installing intel_pub script to /home/sukruthi/Desktop/Start-up/Developer/ObjectTrackingUsingEyeGaze/env_ws/install/env_setup/lib/env_setup
[0.875s] Installing intel_sub script to /home/sukruthi/Desktop/Start-up/Developer/ObjectTrackingUsingEyeGaze/env_ws/install/env_setup/lib/env_setup
[0.875s] writing list of installed files to '/home/sukruthi/Desktop/Start-up/Developer/ObjectTrackingUsingEyeGaze/env_ws/build/env_setup/install.log'
[0.890s] Invoked command in '/home/sukruthi/Desktop/Start-up/Developer/ObjectTrackingUsingEyeGaze/env_ws/src/env_setup' returned '0': PYTHONPATH=/home/sukruthi/Desktop/Start-up/Developer/ObjectTrackingUsingEyeGaze/env_ws/build/env_setup/prefix_override:/home/sukruthi/Desktop/Start-up/Developer/ObjectTrackingUsingEyeGaze/env_ws/install/env_setup/lib/python3.10/site-packages:${PYTHONPATH} /usr/bin/python3 -W ignore:setup.py install is deprecated setup.py egg_info --egg-base ../../build/env_setup build --build-base /home/sukruthi/Desktop/Start-up/Developer/ObjectTrackingUsingEyeGaze/env_ws/build/env_setup/build install --record /home/sukruthi/Desktop/Start-up/Developer/ObjectTrackingUsingEyeGaze/env_ws/build/env_setup/install.log --single-version-externally-managed install_data
